  main.c
C:\Users\jules\Documents\GitHub\PJ_IAP1\ProjetIAP1\PIAP1\main.c(40,27): warning C4477:  'scanf' : format string '%s' requires an argument of type 'char *', but variadic argument 1 has type 'char **'
C:\Users\jules\Documents\GitHub\PJ_IAP1\ProjetIAP1\PIAP1\main.c(43,19): warning C4047:  'function': 'const char *' differs in levels of indirection from 'char *[100]'
C:\Users\jules\Documents\GitHub\PJ_IAP1\ProjetIAP1\PIAP1\main.c(43,19): warning C4024:  'strcmp': different types for formal and actual parameter 1
C:\Users\jules\Documents\GitHub\PJ_IAP1\ProjetIAP1\PIAP1\main.c(49,19): warning C4047:  'function': 'const char *' differs in levels of indirection from 'char *[100]'
C:\Users\jules\Documents\GitHub\PJ_IAP1\ProjetIAP1\PIAP1\main.c(49,19): warning C4024:  'strcmp': different types for formal and actual parameter 1
C:\Users\jules\Documents\GitHub\PJ_IAP1\ProjetIAP1\PIAP1\main.c(55,19): warning C4047:  'function': 'const char *' differs in levels of indirection from 'char *[100]'
C:\Users\jules\Documents\GitHub\PJ_IAP1\ProjetIAP1\PIAP1\main.c(55,19): warning C4024:  'strcmp': different types for formal and actual parameter 1
C:\Users\jules\Documents\GitHub\PJ_IAP1\ProjetIAP1\PIAP1\main.c(56,11): warning C4477:  'scanf' : format string '%s' requires an argument of type 'char *', but variadic argument 1 has type 'char **'
C:\Users\jules\Documents\GitHub\PJ_IAP1\ProjetIAP1\PIAP1\main.c(57,33): warning C4047:  '=': 'char' differs in levels of indirection from 'char **'
C:\Users\jules\Documents\GitHub\PJ_IAP1\ProjetIAP1\PIAP1\main.c(58,29): warning C4552:  '+': result of expression not used
C:\Users\jules\Documents\GitHub\PJ_IAP1\ProjetIAP1\PIAP1\main.c(59,12): warning C4477:  'scanf' : format string '%s' requires an argument of type 'char *', but variadic argument 1 has type 'char **'
C:\Users\jules\Documents\GitHub\PJ_IAP1\ProjetIAP1\PIAP1\main.c(60,34): warning C4047:  '=': 'char' differs in levels of indirection from 'char **'
C:\Users\jules\Documents\GitHub\PJ_IAP1\ProjetIAP1\PIAP1\main.c(61,13): warning C4477:  'printf' : format string '%s' requires an argument of type 'char *', but variadic argument 1 has type 'int'
C:\Users\jules\Documents\GitHub\PJ_IAP1\ProjetIAP1\PIAP1\main.c(61,13): warning C4313:  'printf': '%s' in format string conflicts with argument 1 of type 'int'
C:\Users\jules\Documents\GitHub\PJ_IAP1\ProjetIAP1\PIAP1\main.c(70,19): warning C4047:  'function': 'const char *' differs in levels of indirection from 'char *[100]'
C:\Users\jules\Documents\GitHub\PJ_IAP1\ProjetIAP1\PIAP1\main.c(70,19): warning C4024:  'strcmp': different types for formal and actual parameter 1
C:\Users\jules\Documents\GitHub\PJ_IAP1\ProjetIAP1\PIAP1\main.c(72,13): warning C4477:  'printf' : format string '%s' requires an argument of type 'char *', but variadic argument 1 has type 'int'
C:\Users\jules\Documents\GitHub\PJ_IAP1\ProjetIAP1\PIAP1\main.c(72,13): warning C4313:  'printf': '%s' in format string conflicts with argument 1 of type 'int'
C:\Users\jules\Documents\GitHub\PJ_IAP1\ProjetIAP1\PIAP1\main.c(74,14): warning C4477:  'printf' : format string '%s' requires an argument of type 'char *', but variadic argument 1 has type 'int'
C:\Users\jules\Documents\GitHub\PJ_IAP1\ProjetIAP1\PIAP1\main.c(74,14): warning C4313:  'printf': '%s' in format string conflicts with argument 1 of type 'int'
C:\Users\jules\Documents\GitHub\PJ_IAP1\ProjetIAP1\PIAP1\main.c(81,19): warning C4047:  'function': 'const char *' differs in levels of indirection from 'char *[100]'
C:\Users\jules\Documents\GitHub\PJ_IAP1\ProjetIAP1\PIAP1\main.c(81,19): warning C4024:  'strcmp': different types for formal and actual parameter 1
  PIAP1.vcxproj -> C:\Users\jules\Documents\GitHub\PJ_IAP1\ProjetIAP1\x64\Debug\PIAP1.exe
